2018/05/15 20:10:54 INFO  - jmeter.util.JMeterUtils: Setting Locale to zh_CN 
2018/05/15 20:10:54 INFO  - jmeter.JMeter: Loading user properties from: E:\idea\project\jmeterMaven\target\jmeter\bin\user.properties 
2018/05/15 20:10:54 INFO  - jmeter.JMeter: Loading system properties from: E:\idea\project\jmeterMaven\target\jmeter\bin\system.properties 
2018/05/15 20:10:54 INFO  - jmeter.JMeter: Copyright (c) 1998-2016 The Apache Software Foundation 
2018/05/15 20:10:54 INFO  - jmeter.JMeter: Version 3.1 r1770033 
2018/05/15 20:10:54 INFO  - jmeter.JMeter: java.version=1.7.0_79 
2018/05/15 20:10:54 INFO  - jmeter.JMeter: java.vm.name=Java HotSpot(TM) 64-Bit Server VM 
2018/05/15 20:10:54 INFO  - jmeter.JMeter: os.name=Windows 7 
2018/05/15 20:10:54 INFO  - jmeter.JMeter: os.arch=amd64 
2018/05/15 20:10:54 INFO  - jmeter.JMeter: os.version=6.1 
2018/05/15 20:10:54 INFO  - jmeter.JMeter: file.encoding=GBK 
2018/05/15 20:10:54 INFO  - jmeter.JMeter: Max memory     =515375104 
2018/05/15 20:10:54 INFO  - jmeter.JMeter: Available Processors =4 
2018/05/15 20:10:54 INFO  - jmeter.JMeter: Default Locale=中文 (中国) 
2018/05/15 20:10:54 INFO  - jmeter.JMeter: JMeter  Locale=中文 (中国) 
2018/05/15 20:10:54 INFO  - jmeter.JMeter: JMeterHome=E:\idea\project\jmeterMaven\target\jmeter 
2018/05/15 20:10:54 INFO  - jmeter.JMeter: user.dir  =E:\idea\project\jmeterMaven\target\jmeter\bin 
2018/05/15 20:10:54 INFO  - jmeter.JMeter: PWD       =E:\idea\project\jmeterMaven\target\jmeter\bin 
2018/05/15 20:10:54 INFO  - jmeter.JMeter: IP: 169.254.106.2 Name: WRVTDCYHTN11Z3Q FullName: WRVTDCYHTN11Z3Q 
2018/05/15 20:10:54 INFO  - jmeter.services.FileServer: Default base='E:\idea\project\jmeterMaven\target\jmeter\bin' 
2018/05/15 20:10:54 INFO  - jmeter.services.FileServer: Set new base='E:\idea\project\jmeterMaven\target\jmeter\testFiles' 
2018/05/15 20:10:55 INFO  - jmeter.save.SaveService: Testplan (JMX) version: 2.2. Testlog (JTL) version: 2.2 
2018/05/15 20:10:55 INFO  - jmeter.save.SaveService: Using SaveService properties file encoding UTF-8 
2018/05/15 20:10:55 INFO  - jmeter.save.SaveService: Using SaveService properties version 2.9 
2018/05/15 20:10:55 WARN  - jmeter.save.SaveService: Bad _version - expected 3.1, found 2.9. 
2018/05/15 20:10:55 INFO  - jmeter.save.SaveService: All converter versions present and correct 
2018/05/15 20:10:55 INFO  - jmeter.save.SaveService: Loading file: E:\idea\project\jmeterMaven\target\jmeter\testFiles\xyc.jmx 
2018/05/15 20:10:55 INFO  - jmeter.protocol.http.control.CookieManager: Settings: Delete null: true Check: true Allow variable: true Save: false Prefix: COOKIE_ 
2018/05/15 20:10:55 INFO  - jmeter.protocol.http.sampler.HTTPSamplerBase: Parser for text/html is org.apache.jmeter.protocol.http.parser.LagartoBasedHtmlParser 
2018/05/15 20:10:55 INFO  - jmeter.protocol.http.sampler.HTTPSamplerBase: Parser for application/xhtml+xml is org.apache.jmeter.protocol.http.parser.LagartoBasedHtmlParser 
2018/05/15 20:10:55 INFO  - jmeter.protocol.http.sampler.HTTPSamplerBase: Parser for application/xml is org.apache.jmeter.protocol.http.parser.LagartoBasedHtmlParser 
2018/05/15 20:10:55 INFO  - jmeter.protocol.http.sampler.HTTPSamplerBase: Parser for text/xml is org.apache.jmeter.protocol.http.parser.LagartoBasedHtmlParser 
2018/05/15 20:10:55 INFO  - jmeter.protocol.http.sampler.HTTPSamplerBase: Parser for text/vnd.wap.wml is org.apache.jmeter.protocol.http.parser.RegexpHTMLParser 
2018/05/15 20:10:55 INFO  - jmeter.protocol.http.sampler.HTTPSamplerBase: Parser for text/css is org.apache.jmeter.protocol.http.parser.CssParser 
2018/05/15 20:10:55 INFO  - jmeter.JMeter: Creating summariser <summary> 
2018/05/15 20:10:55 INFO  - jmeter.engine.StandardJMeterEngine: Running the test! 
2018/05/15 20:10:55 INFO  - jmeter.samplers.SampleEvent: List of sample_variables: [] 
2018/05/15 20:10:55 INFO  - jmeter.samplers.SampleEvent: List of sample_variables: [] 
2018/05/15 20:10:55 INFO  - jmeter.engine.util.CompoundVariable: Note: Function class names must contain the string: '.functions.' 
2018/05/15 20:10:55 INFO  - jmeter.engine.util.CompoundVariable: Note: Function class names must not contain the string: '.gui.' 
2018/05/15 20:10:55 INFO  - jmeter.JMeter: 正在运行的测试 (1526386255461) 
2018/05/15 20:10:55 INFO  - jmeter.engine.StandardJMeterEngine: Starting ThreadGroup: 1 : 登录 
2018/05/15 20:10:55 INFO  - jmeter.engine.StandardJMeterEngine: Starting 1 threads for group 登录. 
2018/05/15 20:10:55 INFO  - jmeter.engine.StandardJMeterEngine: Thread will continue on error 
2018/05/15 20:10:55 INFO  - jmeter.threads.ThreadGroup: Starting thread group number 1 threads 1 ramp-up 1 perThread 1000.0 delayedStart=false 
2018/05/15 20:10:55 INFO  - jmeter.threads.ThreadGroup: Started thread group number 1 
2018/05/15 20:10:55 INFO  - jmeter.engine.StandardJMeterEngine: All thread groups have been started 
2018/05/15 20:10:55 INFO  - jmeter.threads.JMeterThread: Thread started: 登录 1-1 
2018/05/15 20:10:55 INFO  - jmeter.services.FileServer: Stored: ./user.dat 
2018/05/15 20:10:55 INFO  - jmeter.util.BeanShellTestElement: device_id============E3D2BD3A9FD44E0993108B655165A2DC 
2018/05/15 20:10:55 INFO  - jmeter.protocol.http.sampler.HTTPHCAbstractImpl: Local host = WRVTDCYHTN11Z3Q 
2018/05/15 20:10:55 INFO  - jmeter.protocol.http.sampler.HTTPHC4Impl: HTTP request retry count = 0 
2018/05/15 20:10:55 INFO  - jmeter.samplers.SampleResult: Note: Sample TimeStamps are START times 
2018/05/15 20:10:55 INFO  - jmeter.samplers.SampleResult: sampleresult.default.encoding is set to ISO-8859-1 
2018/05/15 20:10:55 INFO  - jmeter.samplers.SampleResult: sampleresult.useNanoTime=true 
2018/05/15 20:10:55 INFO  - jmeter.samplers.SampleResult: sampleresult.nanoThreadSleep=5000 
2018/05/15 20:10:56 INFO  - jmeter.util.BeanShellTestElement: device_id============9CE21876A6D64CB3A2FD6A74C385CF7A 
2018/05/15 20:10:56 INFO  - jmeter.util.BeanShellTestElement: device_id============C8036ED5954844379D671AA06DC3E848 
2018/05/15 20:10:56 INFO  - jmeter.util.BeanShellTestElement: device_id============01B68927905D45EBB69CD44483804E0E 
2018/05/15 20:10:57 INFO  - jmeter.util.BeanShellTestElement: device_id============8D53832CA9F3411E8CF3096F0162F9B4 
2018/05/15 20:10:57 INFO  - jmeter.util.BeanShellTestElement: device_id============485C703395A84DCBB4B5020CE40C609B 
2018/05/15 20:10:58 INFO  - jmeter.util.BeanShellTestElement: device_id============BE3D4A52B088438AB96214B6A3CE349B 
2018/05/15 20:10:58 INFO  - jmeter.util.BeanShellTestElement: device_id============1C36B6B539EF427399ED60A706520554 
2018/05/15 20:10:59 INFO  - jmeter.util.BeanShellTestElement: device_id============1082252BA3024FEEAF14B68322313AA4 
2018/05/15 20:10:59 INFO  - jmeter.threads.JMeterThread: Stop Thread seen for thread 登录 1-1, reason:org.apache.jorphan.util.JMeterStopThreadException: End of file:./user.dat detected for CSV DataSet:CSV Data Set Config configured with stopThread:true, recycle:false 
2018/05/15 20:10:59 INFO  - jmeter.threads.JMeterThread: Thread finished: 登录 1-1 
2018/05/15 20:10:59 INFO  - jmeter.engine.StandardJMeterEngine: Notifying test listeners of end of test 
2018/05/15 20:10:59 INFO  - jmeter.services.FileServer: Close: ./user.dat 
2018/05/15 20:10:59 INFO  - jmeter.reporters.Summariser: summary =      9 in 00:00:04 =    2.0/s Avg:   151 Min:   132 Max:   220 Err:     0 (0.00%) 
